This file contains any messages produced by compilers while
running configure, to aid debugging if configure makes a mistake.

It was created by myhdparm configure 1.0, which was
generated by GNU Autoconf 2.71.  Invocation command line was

  $ ./configure --no-create --no-recursion

## --------- ##
## Platform. ##
## --------- ##

hostname = ts412
uname -m = armv5tel
uname -r = 6.1.0-13-marvell
uname -s = Linux
uname -v = #1 Debian 6.1.55-1 (2023-09-29)

/usr/bin/uname -p = unknown
/bin/uname -X     = unknown

/bin/arch              = armv5tel
/usr/bin/arch -k       = unknown
/usr/convex/getsysinfo = unknown
/usr/bin/hostinfo      = unknown
/bin/machine           = unknown
/usr/bin/oslevel       = unknown
/bin/universe          = unknown

PATH: /home/graeme/bin/
PATH: /usr/local/bin/
PATH: /usr/bin/
PATH: /bin/
PATH: /usr/local/games/
PATH: /usr/games/


## ----------- ##
## Core tests. ##
## ----------- ##

configure:2098: looking for aux files: compile missing install-sh
configure:2111:  trying ./
configure:2140:   ./compile found
configure:2140:   ./missing found
configure:2122:   ./install-sh found
configure:2269: checking for a BSD-compatible install
configure:2342: result: /usr/bin/install -c
configure:2353: checking whether build environment is sane
configure:2408: result: yes
configure:2567: checking for a race-free mkdir -p
configure:2611: result: /usr/bin/mkdir -p
configure:2618: checking for gawk
configure:2653: result: no
configure:2618: checking for mawk
configure:2639: found /usr/bin/mawk
configure:2650: result: mawk
configure:2661: checking whether make sets $(MAKE)
configure:2684: result: yes
configure:2714: checking whether make supports nested variables
configure:2732: result: yes
configure:2935: checking for gcc
configure:2956: found /usr/bin/gcc
configure:2967: result: gcc
configure:3320: checking for C compiler version
configure:3329: gcc --version >&5
gcc (Debian 12.2.0-14) 12.2.0
Copyright (C) 2022 Free Software Foundation, Inc.
This is free software; see the source for copying conditions.  There is NO
warranty; not even for MERCHANTABILITY or FITNESS FOR A PARTICULAR PURPOSE.

configure:3340: $? = 0
configure:3329: gcc -v >&5
Using built-in specs.
COLLECT_GCC=gcc
COLLECT_LTO_WRAPPER=/usr/lib/gcc/arm-linux-gnueabi/12/lto-wrapper
Target: arm-linux-gnueabi
Configured with: ../src/configure -v --with-pkgversion='Debian 12.2.0-14' --with-bugurl=file:///usr/share/doc/gcc-12/README.Bugs --enable-languages=c,ada,c++,go,d,fortran,objc,obj-c++,m2 --prefix=/usr --with-gcc-major-version-only --program-suffix=-12 --program-prefix=arm-linux-gnueabi- --enable-shared --enable-linker-build-id --libexecdir=/usr/lib --without-included-gettext --enable-threads=posix --libdir=/usr/lib --enable-nls --enable-clocale=gnu --enable-libstdcxx-debug --enable-libstdcxx-time=yes --with-default-libstdcxx-abi=new --enable-gnu-unique-object --disable-libitm --disable-libquadmath --disable-libquadmath-support --enable-plugin --enable-default-pie --with-system-zlib --enable-libphobos-checking=release --with-target-system-zlib=auto --enable-objc-gc=auto --enable-multiarch --disable-sjlj-exceptions --with-arch=armv5te --with-float=soft --disable-werror --enable-checking=release --build=arm-linux-gnueabi --host=arm-linux-gnueabi --target=arm-linux-gnueabi
Thread model: posix
Supported LTO compression algorithms: zlib zstd
gcc version 12.2.0 (Debian 12.2.0-14) 
configure:3340: $? = 0
configure:3329: gcc -V >&5
gcc: error: unrecognized command-line option '-V'
gcc: fatal error: no input files
compilation terminated.
configure:3340: $? = 1
configure:3329: gcc -qversion >&5
gcc: error: unrecognized command-line option '-qversion'; did you mean '--version'?
gcc: fatal error: no input files
compilation terminated.
configure:3340: $? = 1
configure:3329: gcc -version >&5
gcc: error: unrecognized command-line option '-version'
gcc: fatal error: no input files
compilation terminated.
configure:3340: $? = 1
configure:3360: checking whether the C compiler works
configure:3382: gcc    conftest.c  >&5
configure:3386: $? = 0
configure:3436: result: yes
configure:3439: checking for C compiler default output file name
configure:3441: result: a.out
configure:3447: checking for suffix of executables
configure:3454: gcc -o conftest    conftest.c  >&5
configure:3458: $? = 0
configure:3481: result: 
configure:3503: checking whether we are cross compiling
configure:3511: gcc -o conftest    conftest.c  >&5
configure:3515: $? = 0
configure:3522: ./conftest
configure:3526: $? = 0
configure:3541: result: no
configure:3546: checking for suffix of object files
configure:3569: gcc -c   conftest.c >&5
configure:3573: $? = 0
configure:3595: result: o
configure:3599: checking whether the compiler supports GNU C
configure:3619: gcc -c   conftest.c >&5
configure:3619: $? = 0
configure:3629: result: yes
configure:3640: checking whether gcc accepts -g
configure:3661: gcc -c -g  conftest.c >&5
configure:3661: $? = 0
configure:3705: result: yes
configure:3725: checking for gcc option to enable C11 features
configure:3740: gcc  -c -g -O2  conftest.c >&5
configure:3740: $? = 0
configure:3758: result: none needed
configure:3874: checking whether gcc understands -c and -o together
configure:3897: gcc -c conftest.c -o conftest2.o
configure:3900: $? = 0
configure:3897: gcc -c conftest.c -o conftest2.o
configure:3900: $? = 0
configure:3912: result: yes
configure:3932: checking whether make supports the include directive
configure:3947: make -f confmf.GNU && cat confinc.out
make[1]: Entering directory '/home/graeme/src/QNAPhomebrew/src'
make[1]: Leaving directory '/home/graeme/src/QNAPhomebrew/src'
this is the am__doit target
configure:3950: $? = 0
configure:3969: result: yes (GNU style)
configure:3995: checking dependency style of gcc
configure:4107: result: gcc3
configure:4262: checking that generated files are newer than configure
configure:4268: result: done
configure:4291: creating ./config.status

## ---------------- ##
## Cache variables. ##
## ---------------- ##

ac_cv_c_compiler_gnu=yes
ac_cv_env_CC_set=
ac_cv_env_CC_value=
ac_cv_env_CFLAGS_set=
ac_cv_env_CFLAGS_value=
ac_cv_env_CPPFLAGS_set=
ac_cv_env_CPPFLAGS_value=
ac_cv_env_LDFLAGS_set=
ac_cv_env_LDFLAGS_value=
ac_cv_env_LIBS_set=
ac_cv_env_LIBS_value=
ac_cv_env_build_alias_set=
ac_cv_env_build_alias_value=
ac_cv_env_host_alias_set=
ac_cv_env_host_alias_value=
ac_cv_env_target_alias_set=
ac_cv_env_target_alias_value=
ac_cv_objext=o
ac_cv_path_install='/usr/bin/install -c'
ac_cv_path_mkdir=/usr/bin/mkdir
ac_cv_prog_AWK=mawk
ac_cv_prog_ac_ct_CC=gcc
ac_cv_prog_cc_c11=
ac_cv_prog_cc_g=yes
ac_cv_prog_cc_stdc=
ac_cv_prog_make_make_set=yes
am_cv_CC_dependencies_compiler_type=gcc3
am_cv_make_support_nested_variables=yes
am_cv_prog_cc_c_o=yes

## ----------------- ##
## Output variables. ##
## ----------------- ##

ACLOCAL='${SHELL} '\''/home/graeme/src/QNAPhomebrew/src/missing'\'' aclocal-1.16'
AMDEPBACKSLASH='\'
AMDEP_FALSE='#'
AMDEP_TRUE=''
AMTAR='$${TAR-tar}'
AM_BACKSLASH='\'
AM_DEFAULT_V='$(AM_DEFAULT_VERBOSITY)'
AM_DEFAULT_VERBOSITY='1'
AM_V='$(V)'
AUTOCONF='${SHELL} '\''/home/graeme/src/QNAPhomebrew/src/missing'\'' autoconf'
AUTOHEADER='${SHELL} '\''/home/graeme/src/QNAPhomebrew/src/missing'\'' autoheader'
AUTOMAKE='${SHELL} '\''/home/graeme/src/QNAPhomebrew/src/missing'\'' automake-1.16'
AWK='mawk'
CC='gcc'
CCDEPMODE='depmode=gcc3'
CFLAGS='-g -O2'
CPPFLAGS=''
CSCOPE='cscope'
CTAGS='ctags'
CYGPATH_W='echo'
DEFS='-DPACKAGE_NAME=\"myhdparm\" -DPACKAGE_TARNAME=\"myhdparm\" -DPACKAGE_VERSION=\"1.0\" -DPACKAGE_STRING=\"myhdparm\ 1.0\" -DPACKAGE_BUGREPORT=\"graeme.debian@vetterlein.com\" -DPACKAGE_URL=\"\" -DPACKAGE=\"myhdparm\" -DVERSION=\"1.0\"'
DEPDIR='.deps'
ECHO_C=''
ECHO_N='-n'
ECHO_T=''
ETAGS='etags'
EXEEXT=''
INSTALL_DATA='${INSTALL} -m 644'
INSTALL_PROGRAM='${INSTALL}'
INSTALL_SCRIPT='${INSTALL}'
INSTALL_STRIP_PROGRAM='$(install_sh) -c -s'
LDFLAGS=''
LIBOBJS=''
LIBS=''
LIB_CPPFLAGS='-Ilib'
LTLIBOBJS=''
MAKEINFO='${SHELL} '\''/home/graeme/src/QNAPhomebrew/src/missing'\'' makeinfo'
MKDIR_P='/usr/bin/mkdir -p'
OBJEXT='o'
PACKAGE='myhdparm'
PACKAGE_BUGREPORT='graeme.debian@vetterlein.com'
PACKAGE_NAME='myhdparm'
PACKAGE_STRING='myhdparm 1.0'
PACKAGE_TARNAME='myhdparm'
PACKAGE_URL=''
PACKAGE_VERSION='1.0'
PATH_SEPARATOR=':'
SET_MAKE=''
SHELL='/bin/bash'
STRIP=''
VERSION='1.0'
ac_ct_CC='gcc'
am__EXEEXT_FALSE=''
am__EXEEXT_TRUE='#'
am__fastdepCC_FALSE='#'
am__fastdepCC_TRUE=''
am__include='include'
am__isrc=''
am__leading_dot='.'
am__nodep='_no'
am__quote=''
am__tar='$${TAR-tar} chof - "$$tardir"'
am__untar='$${TAR-tar} xf -'
bindir='${exec_prefix}/bin'
build_alias=''
datadir='${datarootdir}'
datarootdir='${prefix}/share'
docdir='${datarootdir}/doc/${PACKAGE_TARNAME}'
dvidir='${docdir}'
exec_prefix='${prefix}'
host_alias=''
htmldir='${docdir}'
includedir='${prefix}/include'
infodir='${datarootdir}/info'
install_sh='${SHELL} /home/graeme/src/QNAPhomebrew/src/install-sh'
libdir='${exec_prefix}/lib'
libexecdir='${exec_prefix}/libexec'
localedir='${datarootdir}/locale'
localstatedir='${prefix}/var'
mandir='${datarootdir}/man'
mkdir_p='$(MKDIR_P)'
oldincludedir='/usr/include'
pdfdir='${docdir}'
prefix='/usr/local'
program_transform_name='s,x,x,'
psdir='${docdir}'
runstatedir='${localstatedir}/run'
sbindir='${exec_prefix}/sbin'
sharedstatedir='${prefix}/com'
sysconfdir='${prefix}/etc'
target_alias=''

## ----------- ##
## confdefs.h. ##
## ----------- ##

/* confdefs.h */
#define PACKAGE_NAME "myhdparm"
#define PACKAGE_TARNAME "myhdparm"
#define PACKAGE_VERSION "1.0"
#define PACKAGE_STRING "myhdparm 1.0"
#define PACKAGE_BUGREPORT "graeme.debian@vetterlein.com"
#define PACKAGE_URL ""
#define PACKAGE "myhdparm"
#define VERSION "1.0"

configure: exit 0

## ---------------------- ##
## Running config.status. ##
## ---------------------- ##

This file was extended by myhdparm config.status 1.0, which was
generated by GNU Autoconf 2.71.  Invocation command line was

  CONFIG_FILES    = 
  CONFIG_HEADERS  = 
  CONFIG_LINKS    = 
  CONFIG_COMMANDS = 
  $ ./config.status 

on ts412

config.status:770: creating Makefile
config.status:942: executing depfiles commands
config.status:1019: cd .       && sed -e '/# am--include-marker/d' Makefile         | make -f - am--depfiles
make[1]: Entering directory '/home/graeme/src/QNAPhomebrew/src'
make[1]: Nothing to be done for 'am--depfiles'.
make[1]: Leaving directory '/home/graeme/src/QNAPhomebrew/src'
config.status:1024: $? = 0
